<?xml version="1.0" encoding="UTF-8"?>
<testng-results skipped="0" failed="0" total="1" passed="1">
  <reporter-output>
    <line>
      <![CDATA[Setting up the reports and excel started]]>
    </line>
    <line>
      <![CDATA[Setting up the reports and excel done]]>
    </line>
    <line>
      <![CDATA[Called the startapplication]]>
    </line>
    <line>
      <![CDATA[Clicking on Sign buttono on landing page]]>
    </line>
    <line>
      <![CDATA[entereing email id and phone number on registration page]]>
    </line>
    <line>
      <![CDATA[Clickeing on terms and condition check box]]>
    </line>
    <line>
      <![CDATA[Clickeing on Sign Up button on Registration page]]>
    </line>
    <line>
      <![CDATA[Closed the browser]]>
    </line>
  </reporter-output>
  <suite name="Suite1" duration-ms="28468" started-at="2021-06-13T15:21:44Z" finished-at="2021-06-13T15:22:13Z">
    <groups>
    </groups>
    <test name="test" duration-ms="28468" started-at="2021-06-13T15:21:44Z" finished-at="2021-06-13T15:22:13Z">
      <class name="com.learnAutomation.testcases.RegistrationTest">
        <test-method status="PASS" signature="setUpSuite()[pri:0, instance:com.learnAutomation.testcases.RegistrationTest@1d251891]" name="setUpSuite" is-config="true" duration-ms="1602" started-at="2021-06-13T20:51:43Z" finished-at="2021-06-13T20:51:44Z">
          <reporter-output>
            <line>
              <![CDATA[Setting up the reports and excel started]]>
            </line>
            <line>
              <![CDATA[Setting up the reports and excel done]]>
            </line>
          </reporter-output>
        </test-method> <!-- setUpSuite -->
        <test-method status="PASS" signature="setUp()[pri:0, instance:com.learnAutomation.testcases.RegistrationTest@1d251891]" name="setUp" is-config="true" duration-ms="17664" started-at="2021-06-13T20:51:44Z" finished-at="2021-06-13T20:52:02Z">
          <reporter-output>
            <line>
              <![CDATA[Called the startapplication]]>
            </line>
          </reporter-output>
        </test-method> <!-- setUp -->
        <test-method status="PASS" signature="registeraUser()[pri:0, instance:com.learnAutomation.testcases.RegistrationTest@1d251891]" name="registeraUser" duration-ms="8425" started-at="2021-06-13T20:52:02Z" finished-at="2021-06-13T20:52:10Z">
          <reporter-output>
            <line>
              <![CDATA[Clicking on Sign buttono on landing page]]>
            </line>
            <line>
              <![CDATA[entereing email id and phone number on registration page]]>
            </line>
            <line>
              <![CDATA[Clickeing on terms and condition check box]]>
            </line>
            <line>
              <![CDATA[Clickeing on Sign Up button on Registration page]]>
            </line>
          </reporter-output>
        </test-method> <!-- registeraUser -->
        <test-method status="PASS" signature="teardownMethod(org.testng.ITestResult)[pri:0, instance:com.learnAutomation.testcases.RegistrationTest@1d251891]" name="teardownMethod" is-config="true" duration-ms="1497" started-at="2021-06-13T20:52:10Z" finished-at="2021-06-13T20:52:12Z">
          <params>
            <param index="0">
              <value>
                <![CDATA[[TestResult name=registeraUser status=SUCCESS method=RegistrationTest.registeraUser()[pri:0, instance:com.learnAutomation.testcases.RegistrationTest@1d251891] output=Clicking on Sign buttono on landing page]]]>
              </value>
            </param>
          </params>
          <reporter-output>
          </reporter-output>
        </test-method> <!-- teardownMethod -->
        <test-method status="PASS" signature="tearDown()[pri:0, instance:com.learnAutomation.testcases.RegistrationTest@1d251891]" name="tearDown" is-config="true" duration-ms="867" started-at="2021-06-13T20:52:12Z" finished-at="2021-06-13T20:52:13Z">
          <reporter-output>
            <line>
              <![CDATA[Closed the browser]]>
            </line>
          </reporter-output>
        </test-method> <!-- tearDown -->
      </class> <!-- com.learnAutomation.testcases.RegistrationTest -->
    </test> <!-- test -->
  </suite> <!-- Suite1 -->
</testng-results>
