<?xml version="1.0" encoding="UTF-8"?>
<testng-results skipped="0" failed="0" total="1" passed="1">
  <reporter-output>
    <line>
      <![CDATA[Setting up the reports and excel started]]>
    </line>
    <line>
      <![CDATA[Setting up the reports and excel done]]>
    </line>
    <line>
      <![CDATA[Called the startapplication]]>
    </line>
    <line>
      <![CDATA[Clicking on Sign buttono on landing page]]>
    </line>
    <line>
      <![CDATA[entereing email id and phone number on registration page]]>
    </line>
    <line>
      <![CDATA[Clickeing on terms and condition check box]]>
    </line>
    <line>
      <![CDATA[Clickeing on Sign Up button on Registration page]]>
    </line>
    <line>
      <![CDATA[Closed the browser]]>
    </line>
  </reporter-output>
  <suite name="Default suite" duration-ms="15841" started-at="2021-06-13T05:21:23Z" finished-at="2021-06-13T05:21:39Z">
    <groups>
    </groups>
    <test name="Default test" duration-ms="15841" started-at="2021-06-13T05:21:23Z" finished-at="2021-06-13T05:21:39Z">
      <class name="com.learnAutomation.testcases.RegistrationTest">
        <test-method status="PASS" signature="setUpSuite()[pri:0, instance:com.learnAutomation.testcases.RegistrationTest@7c30a502]" name="setUpSuite" is-config="true" duration-ms="1182" started-at="2021-06-13T10:51:22Z" finished-at="2021-06-13T10:51:23Z">
          <reporter-output>
            <line>
              <![CDATA[Setting up the reports and excel started]]>
            </line>
            <line>
              <![CDATA[Setting up the reports and excel done]]>
            </line>
          </reporter-output>
        </test-method> <!-- setUpSuite -->
        <test-method status="PASS" signature="setUp()[pri:0, instance:com.learnAutomation.testcases.RegistrationTest@7c30a502]" name="setUp" is-config="true" duration-ms="10005" started-at="2021-06-13T10:51:23Z" finished-at="2021-06-13T10:51:33Z">
          <reporter-output>
            <line>
              <![CDATA[Called the startapplication]]>
            </line>
          </reporter-output>
        </test-method> <!-- setUp -->
        <test-method status="PASS" signature="registeraUser()[pri:0, instance:com.learnAutomation.testcases.RegistrationTest@7c30a502]" name="registeraUser" duration-ms="4107" started-at="2021-06-13T10:51:33Z" finished-at="2021-06-13T10:51:37Z">
          <reporter-output>
            <line>
              <![CDATA[Clicking on Sign buttono on landing page]]>
            </line>
            <line>
              <![CDATA[entereing email id and phone number on registration page]]>
            </line>
            <line>
              <![CDATA[Clickeing on terms and condition check box]]>
            </line>
            <line>
              <![CDATA[Clickeing on Sign Up button on Registration page]]>
            </line>
          </reporter-output>
        </test-method> <!-- registeraUser -->
        <test-method status="PASS" signature="teardownMethod(org.testng.ITestResult)[pri:0, instance:com.learnAutomation.testcases.RegistrationTest@7c30a502]" name="teardownMethod" is-config="true" duration-ms="799" started-at="2021-06-13T10:51:37Z" finished-at="2021-06-13T10:51:38Z">
          <params>
            <param index="0">
              <value>
                <![CDATA[[TestResult name=registeraUser status=SUCCESS method=RegistrationTest.registeraUser()[pri:0, instance:com.learnAutomation.testcases.RegistrationTest@7c30a502] output=Clicking on Sign buttono on landing page]]]>
              </value>
            </param>
          </params>
          <reporter-output>
          </reporter-output>
        </test-method> <!-- teardownMethod -->
        <test-method status="PASS" signature="tearDown()[pri:0, instance:com.learnAutomation.testcases.RegistrationTest@7c30a502]" name="tearDown" is-config="true" duration-ms="918" started-at="2021-06-13T10:51:38Z" finished-at="2021-06-13T10:51:39Z">
          <reporter-output>
            <line>
              <![CDATA[Closed the browser]]>
            </line>
          </reporter-output>
        </test-method> <!-- tearDown -->
      </class> <!-- com.learnAutomation.testcases.RegistrationTest -->
    </test> <!-- Default test -->
  </suite> <!-- Default suite -->
</testng-results>
